-------------------------------------------------------------------------------
Test set: com.bhojrajCreation.journalApp.Controller.PubilcControllerDiffblueTest
-------------------------------------------------------------------------------
Tests run: 2, Failures: 2, Errors: 0, Skipped: 0, Time elapsed: 6.482 s <<< FAILURE! -- in com.bhojrajCreation.journalApp.Controller.PubilcControllerDiffblueTest
com.bhojrajCreation.journalApp.Controller.PubilcControllerDiffblueTest.testWelcomePage -- Time elapsed: 2.249 s <<< FAILURE!
java.lang.AssertionError: Status expected:<200> but was:<404>
	at org.springframework.test.util.AssertionErrors.fail(AssertionErrors.java:59)
	at org.springframework.test.util.AssertionErrors.assertEquals(AssertionErrors.java:122)
	at org.springframework.test.web.servlet.result.StatusResultMatchers.lambda$matcher$9(StatusResultMatchers.java:637)
	at org.springframework.test.web.servlet.MockMvc$1.andExpect(MockMvc.java:214)
	at com.bhojrajCreation.journalApp.Controller.PubilcControllerDiffblueTest.testWelcomePage(PubilcControllerDiffblueTest.java:45)
	at java.base/java.lang.reflect.Method.invoke(Method.java:578)
	at java.base/java.util.ArrayList.forEach(ArrayList.java:1511)
	at java.base/java.util.ArrayList.forEach(ArrayList.java:1511)

com.bhojrajCreation.journalApp.Controller.PubilcControllerDiffblueTest.testWelcomePage2 -- Time elapsed: 0.036 s <<< FAILURE!
java.lang.AssertionError: Status expected:<200> but was:<404>
	at org.springframework.test.util.AssertionErrors.fail(AssertionErrors.java:59)
	at org.springframework.test.util.AssertionErrors.assertEquals(AssertionErrors.java:122)
	at org.springframework.test.web.servlet.result.StatusResultMatchers.lambda$matcher$9(StatusResultMatchers.java:637)
	at org.springframework.test.web.servlet.MockMvc$1.andExpect(MockMvc.java:214)
	at com.bhojrajCreation.journalApp.Controller.PubilcControllerDiffblueTest.testWelcomePage2(PubilcControllerDiffblueTest.java:59)
	at java.base/java.lang.reflect.Method.invoke(Method.java:578)
	at java.base/java.util.ArrayList.forEach(ArrayList.java:1511)
	at java.base/java.util.ArrayList.forEach(ArrayList.java:1511)

